<?xml version="1.0" encoding="UTF-8"?>
<!-- Generated by org.testng.reporters.JUnitReportReporter -->
<testsuite skipped="0" hostname="ASD-smirnova" name="company.LogIn" tests="2" failures="0" timestamp="15 июн 2018 08:46:06 GMT" time="2.743" errors="0">
  <testcase name="logIn" time="2.743" classname="company.LogIn"/>
  <testcase name="testScript" time="0.000" classname="company.LogIn"/>
</testsuite> <!-- company.LogIn -->
