<?xml version="1.0" encoding="UTF-8"?>
<!-- Generated by org.testng.reporters.JUnitReportReporter -->
<testsuite skipped="0" hostname="ASD-smirnova" name="tests.POTest" tests="1" failures="0" timestamp="22 июн 2018 12:16:56 GMT" time="31.437" errors="0">
  <testcase name="launchPage" time="31.437" classname="tests.POTest"/>
</testsuite> <!-- tests.POTest -->
